<?xml version="1.0" encoding="UTF-8"?>
<!-- Generated by org.testng.reporters.JUnitReportReporter -->
<testsuite skipped="0" hostname="DESKTOP-58OHAIN" name="com.tng.basics.Test1" tests="2" failures="0" timestamp="31 Dec 2019 10:29:23 GMT" time="0.000" errors="0">
  <testcase name="t2" time="0.000" classname="com.tng.basics.Test1"/>
  <testcase name="t1" time="0.000" classname="com.tng.basics.Test1"/>
</testsuite> <!-- com.tng.basics.Test1 -->
