<?xml version="1.0" encoding="UTF-8"?>
<!-- Generated by org.testng.reporters.JUnitReportReporter -->
<testsuite skipped="0" hostname="DESKTOP-58OHAIN" name="com.tng.basics.OhrmTest2" tests="3" failures="0" timestamp="31 Dec 2019 10:29:23 GMT" time="0.015" errors="0">
  <testcase name="addEmployee" time="0.000" classname="com.tng.basics.OhrmTest2"/>
  <testcase name="deleteEmployee" time="0.015" classname="com.tng.basics.OhrmTest2"/>
  <testcase name="editEmployee" time="0.000" classname="com.tng.basics.OhrmTest2"/>
</testsuite> <!-- com.tng.basics.OhrmTest2 -->
