<?xml version="1.0" encoding="UTF-8"?>
<!-- Generated by org.testng.reporters.JUnitReportReporter -->
<testsuite skipped="0" hostname="DESKTOP-58OHAIN" name="com.wd.tng.OhrmAddEmpTest_Parameters" tests="2" failures="0" timestamp="27 Dec 2019 11:48:45 GMT" time="15.297" errors="0">
  <testcase name="addEmployee" time="8.824" classname="com.wd.tng.OhrmAddEmpTest_Parameters"/>
  <testcase name="login" time="6.473" classname="com.wd.tng.OhrmAddEmpTest_Parameters"/>
</testsuite> <!-- com.wd.tng.OhrmAddEmpTest_Parameters -->
